<?xml version="1.0" encoding="UTF-8"?>
<!-- Generated by org.testng.reporters.JUnitReportReporter -->
<testsuite hostname="LAPTOP-AV7TEEK0" failures="0" tests="1" name="selenium_demo1.Selenium_Test" time="31.638" errors="0" timestamp="2021-09-20T10:55:53 CDT" skipped="0">
  <testcase classname="selenium_demo1.Selenium_Test" name="seleniumtest1" time="31.638"/>
  <system-out/>
</testsuite> <!-- selenium_demo1.Selenium_Test -->
